Determining if the pthread_create exist failed with the following output:
Change Dir: /home/aqua/iarc/catkin/src/vicon_bridge/build3/CMakeFiles/CMakeTmp

Run Build Command:/usr/bin/make "cmTryCompileExec137766358/fast"
/usr/bin/make -f CMakeFiles/cmTryCompileExec137766358.dir/build.make CMakeFiles/cmTryCompileExec137766358.dir/build
make[1]: Entering directory `/home/aqua/iarc/catkin/src/vicon_bridge/build3/CMakeFiles/CMakeTmp'
/usr/bin/cmake -E cmake_progress_report /home/aqua/iarc/catkin/src/vicon_bridge/build3/CMakeFiles/CMakeTmp/CMakeFiles 1
Building C object CMakeFiles/cmTryCompileExec137766358.dir/CheckSymbolExists.c.o
/usr/bin/cc    -o CMakeFiles/cmTryCompileExec137766358.dir/CheckSymbolExists.c.o   -c /home/aqua/iarc/catkin/src/vicon_bridge/build3/CMakeFiles/CMakeTmp/CheckSymbolExists.c
Linking C executable cmTryCompileExec137766358
/usr/bin/cmake -E cmake_link_script CMakeFiles/cmTryCompileExec137766358.dir/link.txt --verbose=1
/usr/bin/cc       CMakeFiles/cmTryCompileExec137766358.dir/CheckSymbolExists.c.o  -o cmTryCompileExec137766358 -rdynamic 
CMakeFiles/cmTryCompileExec137766358.dir/CheckSymbolExists.c.o: In function `main':
CheckSymbolExists.c:(.text+0x16): undefined reference to `pthread_create'
collect2: error: ld returned 1 exit status
make[1]: *** [cmTryCompileExec137766358] Error 1
make[1]: Leaving directory `/home/aqua/iarc/catkin/src/vicon_bridge/build3/CMakeFiles/CMakeTmp'
make: *** [cmTryCompileExec137766358/fast] Error 2

File /home/aqua/iarc/catkin/src/vicon_bridge/build3/CMakeFiles/CMakeTmp/CheckSymbolExists.c:
/* */
#include <pthread.h>

int main(int argc, char** argv)
{
  (void)argv;
#ifndef pthread_create
  return ((int*)(&pthread_create))[argc];
#else
  (void)argc;
  return 0;
#endif
}

Determining if the function pthread_create exists in the pthreads failed with the following output:
Change Dir: /home/aqua/iarc/catkin/src/vicon_bridge/build3/CMakeFiles/CMakeTmp

Run Build Command:/usr/bin/make "cmTryCompileExec4284691044/fast"
/usr/bin/make -f CMakeFiles/cmTryCompileExec4284691044.dir/build.make CMakeFiles/cmTryCompileExec4284691044.dir/build
make[1]: Entering directory `/home/aqua/iarc/catkin/src/vicon_bridge/build3/CMakeFiles/CMakeTmp'
/usr/bin/cmake -E cmake_progress_report /home/aqua/iarc/catkin/src/vicon_bridge/build3/CMakeFiles/CMakeTmp/CMakeFiles 1
Building C object CMakeFiles/cmTryCompileExec4284691044.dir/CheckFunctionExists.c.o
/usr/bin/cc   -DCHECK_FUNCTION_EXISTS=pthread_create   -o CMakeFiles/cmTryCompileExec4284691044.dir/CheckFunctionExists.c.o   -c /usr/share/cmake-2.8/Modules/CheckFunctionExists.c
Linking C executable cmTryCompileExec4284691044
/usr/bin/cmake -E cmake_link_script CMakeFiles/cmTryCompileExec4284691044.dir/link.txt --verbose=1
/usr/bin/cc   -DCHECK_FUNCTION_EXISTS=pthread_create    CMakeFiles/cmTryCompileExec4284691044.dir/CheckFunctionExists.c.o  -o cmTryCompileExec4284691044 -rdynamic -lpthreads 
/usr/bin/ld: cannot find -lpthreads
collect2: error: ld returned 1 exit status
make[1]: *** [cmTryCompileExec4284691044] Error 1
make[1]: Leaving directory `/home/aqua/iarc/catkin/src/vicon_bridge/build3/CMakeFiles/CMakeTmp'
make: *** [cmTryCompileExec4284691044/fast] Error 2


